<?xml version="1.0" encoding="UTF-8"?>
<coverage generated="1502547508">
  <project timestamp="1502547508">
    <package name="OVAC\HubtelPayment\Api">
      <file name="/Users/ovac/codes/OVAC/hubtel-payment/src/Api/Api.php">
        <class name="Api" namespace="OVAC\HubtelPayment\Api">
          <metrics methods="15" coveredmethods="2" conditionals="0" coveredconditionals="0" statements="39" coveredstatements="4" elements="54" coveredelements="6"/>
        </class>
        <line num="57" type="method" name="__construct" crap="1" count="1"/>
        <line num="59" type="stmt" count="1"/>
        <line num="60" type="stmt" count="1"/>
        <line num="67" type="method" name="injectConfig" crap="1" count="5"/>
        <line num="69" type="stmt" count="5"/>
        <line num="71" type="stmt" count="5"/>
        <line num="78" type="method" name="setBaseUrl" crap="2" count="0"/>
        <line num="80" type="stmt" count="0"/>
        <line num="81" type="stmt" count="0"/>
        <line num="87" type="method" name="getBaseUrl" crap="2" count="0"/>
        <line num="89" type="stmt" count="0"/>
        <line num="94" type="method" name="_get" crap="2" count="0"/>
        <line num="96" type="stmt" count="0"/>
        <line num="101" type="method" name="_head" crap="2" count="0"/>
        <line num="103" type="stmt" count="0"/>
        <line num="108" type="method" name="_delete" crap="2" count="0"/>
        <line num="110" type="stmt" count="0"/>
        <line num="115" type="method" name="_put" crap="2" count="0"/>
        <line num="117" type="stmt" count="0"/>
        <line num="122" type="method" name="_patch" crap="2" count="0"/>
        <line num="124" type="stmt" count="0"/>
        <line num="129" type="method" name="_post" crap="2" count="0"/>
        <line num="131" type="stmt" count="0"/>
        <line num="136" type="method" name="_options" crap="2" count="0"/>
        <line num="138" type="stmt" count="0"/>
        <line num="143" type="method" name="execute" crap="12" count="0"/>
        <line num="145" type="stmt" count="0"/>
        <line num="147" type="stmt" count="0"/>
        <line num="149" type="stmt" count="0"/>
        <line num="150" type="stmt" count="0"/>
        <line num="151" type="stmt" count="0"/>
        <line num="154" type="stmt" count="0"/>
        <line num="157" type="stmt" count="0"/>
        <line num="165" type="method" name="getClient" crap="2" count="0"/>
        <line num="167" type="stmt" count="0"/>
        <line num="169" type="stmt" count="0"/>
        <line num="171" type="stmt" count="0"/>
        <line num="181" type="method" name="createHandler" crap="20" count="0"/>
        <line num="183" type="stmt" count="0"/>
        <line num="185" type="stmt" count="0"/>
        <line num="186" type="stmt" count="0"/>
        <line num="188" type="stmt" count="0"/>
        <line num="189" type="stmt" count="0"/>
        <line num="190" type="stmt" count="0"/>
        <line num="192" type="stmt" count="0"/>
        <line num="193" type="stmt" count="0"/>
        <line num="197" type="stmt" count="0"/>
        <line num="198" type="stmt" count="0"/>
        <line num="205" type="stmt" count="0"/>
        <line num="206" type="stmt" count="0"/>
        <line num="208" type="stmt" count="0"/>
        <line num="209" type="method" name="anonymous function" crap="2" count="0"/>
        <line num="210" type="stmt" count="0"/>
        <line num="211" type="stmt" count="0"/>
        <line num="215" type="stmt" count="0"/>
        <metrics loc="217" ncloc="131" classes="1" methods="15" coveredmethods="2" conditionals="0" coveredconditionals="0" statements="40" coveredstatements="4" elements="55" coveredelements="6"/>
      </file>
    </package>
    <file name="/Users/ovac/codes/OVAC/hubtel-payment/src/Api/ApiInterface.php">
      <metrics loc="96" ncloc="17" classes="0" methods="0" coveredmethods="0" conditionals="0" coveredconditionals="0" statements="0" coveredstatements="0" elements="0" coveredelements="0"/>
    </file>
    <package name="OVAC\HubtelPayment\Api\Transaction">
      <file name="/Users/ovac/codes/OVAC/hubtel-payment/src/Api/Transaction/MassAssignable.php">
        <class name="MassAssignable" namespace="OVAC\HubtelPayment\Api\Transaction">
          <metrics methods="4" coveredmethods="4" conditionals="0" coveredconditionals="0" statements="26" coveredstatements="26" elements="30" coveredelements="30"/>
        </class>
        <line num="35" type="method" name="make" crap="1" count="2"/>
        <line num="37" type="stmt" count="2"/>
        <line num="46" type="method" name="massAssign" crap="8" count="18"/>
        <line num="48" type="stmt" count="18"/>
        <line num="54" type="stmt" count="18"/>
        <line num="55" type="stmt" count="3"/>
        <line num="64" type="stmt" count="18"/>
        <line num="65" type="stmt" count="1"/>
        <line num="74" type="stmt" count="18"/>
        <line num="75" type="stmt" count="3"/>
        <line num="84" type="stmt" count="18"/>
        <line num="85" type="stmt" count="3"/>
        <line num="94" type="stmt" count="18"/>
        <line num="95" type="stmt" count="3"/>
        <line num="106" type="stmt" count="18"/>
        <line num="107" type="stmt" count="4"/>
        <line num="110" type="stmt" count="18"/>
        <line num="111" type="stmt" count="18"/>
        <line num="114" type="stmt" count="18"/>
        <line num="117" type="method" name="assignOnSendMoneyInstance" crap="2" count="17"/>
        <line num="119" type="stmt" count="17"/>
        <line num="120" type="stmt" count="16"/>
        <line num="122" type="stmt" count="4"/>
        <line num="124" type="method" name="assignOnReceiveMoneyInstance" crap="4" count="17"/>
        <line num="126" type="stmt" count="17"/>
        <line num="134" type="stmt" count="16"/>
        <line num="135" type="stmt" count="2"/>
        <line num="144" type="stmt" count="16"/>
        <line num="145" type="stmt" count="2"/>
        <line num="148" type="stmt" count="17"/>
        <metrics loc="149" ncloc="65" classes="1" methods="4" coveredmethods="4" conditionals="0" coveredconditionals="0" statements="26" coveredstatements="26" elements="30" coveredelements="30"/>
      </file>
      <file name="/Users/ovac/codes/OVAC/hubtel-payment/src/Api/Transaction/ReceiveMoney.php">
        <class name="ReceiveMoney" namespace="OVAC\HubtelPayment\Api\Transaction">
          <metrics methods="13" coveredmethods="12" conditionals="0" coveredconditionals="0" statements="16" coveredstatements="15" elements="29" coveredelements="27"/>
        </class>
        <line num="55" type="method" name="__construct" crap="1" count="16"/>
        <line num="57" type="stmt" count="16"/>
        <line num="58" type="stmt" count="16"/>
        <line num="66" type="method" name="from" crap="1" count="7"/>
        <line num="68" type="stmt" count="7"/>
        <line num="77" type="method" name="description" crap="1" count="1"/>
        <line num="79" type="stmt" count="1"/>
        <line num="87" type="method" name="reference" crap="1" count="1"/>
        <line num="89" type="stmt" count="1"/>
        <line num="98" type="method" name="customerName" crap="1" count="1"/>
        <line num="100" type="stmt" count="1"/>
        <line num="108" type="method" name="customerEmail" crap="1" count="1"/>
        <line num="110" type="stmt" count="1"/>
        <line num="118" type="method" name="token" crap="1" count="1"/>
        <line num="120" type="stmt" count="1"/>
        <line num="128" type="method" name="feesOnCustomer" crap="1" count="1"/>
        <line num="130" type="stmt" count="1"/>
        <line num="137" type="method" name="run" crap="2" count="0"/>
        <line num="139" type="stmt" count="0"/>
        <line num="144" type="method" name="getToken" crap="1" count="3"/>
        <line num="146" type="stmt" count="3"/>
        <line num="154" type="method" name="setToken" crap="1" count="3"/>
        <line num="156" type="stmt" count="3"/>
        <line num="158" type="stmt" count="3"/>
        <line num="164" type="method" name="isFeesOnCustomer" crap="1" count="3"/>
        <line num="166" type="stmt" count="3"/>
        <line num="174" type="method" name="setFeesOnCustomer" crap="1" count="3"/>
        <line num="176" type="stmt" count="3"/>
        <line num="178" type="stmt" count="3"/>
        <metrics loc="180" ncloc="76" classes="1" methods="13" coveredmethods="12" conditionals="0" coveredconditionals="0" statements="16" coveredstatements="15" elements="29" coveredelements="27"/>
      </file>
      <file name="/Users/ovac/codes/OVAC/hubtel-payment/src/Api/Transaction/SendMoney.php">
        <class name="SendMoney" namespace="OVAC\HubtelPayment\Api\Transaction">
          <metrics methods="6" coveredmethods="6" conditionals="0" coveredconditionals="0" statements="7" coveredstatements="7" elements="13" coveredelements="13"/>
        </class>
        <line num="37" type="method" name="__construct" crap="1" count="4"/>
        <line num="39" type="stmt" count="4"/>
        <line num="40" type="stmt" count="4"/>
        <line num="49" type="method" name="to" crap="1" count="2"/>
        <line num="51" type="stmt" count="2"/>
        <line num="61" type="method" name="customerName" crap="1" count="1"/>
        <line num="63" type="stmt" count="1"/>
        <line num="72" type="method" name="customerEmail" crap="1" count="1"/>
        <line num="74" type="stmt" count="1"/>
        <line num="84" type="method" name="clientReference" crap="1" count="1"/>
        <line num="86" type="stmt" count="1"/>
        <line num="96" type="method" name="description" crap="1" count="1"/>
        <line num="98" type="stmt" count="1"/>
        <metrics loc="101" ncloc="39" classes="1" methods="6" coveredmethods="6" conditionals="0" coveredconditionals="0" statements="7" coveredstatements="7" elements="13" coveredelements="13"/>
      </file>
      <file name="/Users/ovac/codes/OVAC/hubtel-payment/src/Api/Transaction/Transactable.php">
        <class name="Transactable" namespace="OVAC\HubtelPayment\Api\Transaction">
          <metrics methods="4" coveredmethods="4" conditionals="0" coveredconditionals="0" statements="8" coveredstatements="8" elements="12" coveredelements="12"/>
        </class>
        <line num="34" type="method" name="amount" crap="1" count="7"/>
        <line num="36" type="stmt" count="7"/>
        <line num="46" type="method" name="channel" crap="1" count="2"/>
        <line num="48" type="stmt" count="2"/>
        <line num="59" type="method" name="__callStatic" crap="2" count="9"/>
        <line num="61" type="stmt" count="9"/>
        <line num="62" type="stmt" count="8"/>
        <line num="65" type="stmt" count="1"/>
        <line num="76" type="method" name="__call" crap="2" count="6"/>
        <line num="78" type="stmt" count="6"/>
        <line num="79" type="stmt" count="5"/>
        <line num="82" type="stmt" count="1"/>
        <metrics loc="84" ncloc="35" classes="1" methods="4" coveredmethods="4" conditionals="0" coveredconditionals="0" statements="8" coveredstatements="8" elements="12" coveredelements="12"/>
      </file>
      <file name="/Users/ovac/codes/OVAC/hubtel-payment/src/Api/Transaction/Transaction.php">
        <class name="Transaction" namespace="OVAC\HubtelPayment\Api\Transaction">
          <metrics methods="23" coveredmethods="23" conditionals="0" coveredconditionals="0" statements="59" coveredstatements="59" elements="82" coveredelements="82"/>
        </class>
        <line num="95" type="method" name="getCustomerName" crap="1" count="5"/>
        <line num="97" type="stmt" count="5"/>
        <line num="107" type="method" name="setCustomerName" crap="1" count="5"/>
        <line num="109" type="stmt" count="5"/>
        <line num="111" type="stmt" count="5"/>
        <line num="119" type="method" name="getCustomerEmail" crap="1" count="5"/>
        <line num="121" type="stmt" count="5"/>
        <line num="131" type="method" name="setCustomerEmail" crap="1" count="5"/>
        <line num="133" type="stmt" count="5"/>
        <line num="135" type="stmt" count="5"/>
        <line num="143" type="method" name="getCustomerMsisdn" crap="1" count="8"/>
        <line num="145" type="stmt" count="8"/>
        <line num="155" type="method" name="setCustomerMsisdn" crap="1" count="13"/>
        <line num="157" type="stmt" count="13"/>
        <line num="159" type="stmt" count="13"/>
        <line num="166" type="method" name="getChannel" crap="1" count="4"/>
        <line num="168" type="stmt" count="4"/>
        <line num="178" type="method" name="setChannel" crap="1" count="4"/>
        <line num="180" type="stmt" count="4"/>
        <line num="182" type="stmt" count="4"/>
        <line num="190" type="method" name="getAmount" crap="1" count="5"/>
        <line num="192" type="stmt" count="5"/>
        <line num="202" type="method" name="setAmount" crap="1" count="7"/>
        <line num="204" type="stmt" count="7"/>
        <line num="206" type="stmt" count="7"/>
        <line num="214" type="method" name="getPrimaryCallbackURL" crap="1" count="8"/>
        <line num="216" type="stmt" count="8"/>
        <line num="226" type="method" name="setPrimaryCallbackURL" crap="1" count="9"/>
        <line num="228" type="stmt" count="9"/>
        <line num="230" type="stmt" count="9"/>
        <line num="238" type="method" name="getSecondaryCallbackURL" crap="1" count="9"/>
        <line num="240" type="stmt" count="9"/>
        <line num="250" type="method" name="setSecondaryCallbackURL" crap="1" count="9"/>
        <line num="252" type="stmt" count="9"/>
        <line num="254" type="stmt" count="9"/>
        <line num="262" type="method" name="getClientReference" crap="1" count="4"/>
        <line num="264" type="stmt" count="4"/>
        <line num="275" type="method" name="setClientReference" crap="1" count="4"/>
        <line num="277" type="stmt" count="4"/>
        <line num="279" type="stmt" count="4"/>
        <line num="286" type="method" name="getDescription" crap="1" count="4"/>
        <line num="288" type="stmt" count="4"/>
        <line num="298" type="method" name="setDescription" crap="1" count="4"/>
        <line num="300" type="stmt" count="4"/>
        <line num="302" type="stmt" count="4"/>
        <line num="312" type="method" name="setCustomer" crap="6" count="5"/>
        <line num="314" type="stmt" count="5"/>
        <line num="315" type="stmt" count="3"/>
        <line num="318" type="stmt" count="5"/>
        <line num="319" type="stmt" count="3"/>
        <line num="322" type="stmt" count="5"/>
        <line num="323" type="stmt" count="1"/>
        <line num="326" type="stmt" count="5"/>
        <line num="327" type="stmt" count="3"/>
        <line num="330" type="stmt" count="5"/>
        <line num="331" type="stmt" count="1"/>
        <line num="334" type="stmt" count="5"/>
        <line num="341" type="method" name="callback" crap="1" count="2"/>
        <line num="343" type="stmt" count="2"/>
        <line num="344" type="stmt" count="2"/>
        <line num="352" type="method" name="setCallback" crap="12" count="6"/>
        <line num="354" type="stmt" count="6"/>
        <line num="355" type="stmt" count="6"/>
        <line num="356" type="stmt" count="1"/>
        <line num="359" type="stmt" count="6"/>
        <line num="360" type="stmt" count="1"/>
        <line num="363" type="stmt" count="6"/>
        <line num="364" type="stmt" count="2"/>
        <line num="367" type="stmt" count="6"/>
        <line num="368" type="stmt" count="2"/>
        <line num="371" type="stmt" count="6"/>
        <line num="372" type="stmt" count="3"/>
        <line num="373" type="stmt" count="2"/>
        <line num="376" type="stmt" count="3"/>
        <line num="377" type="stmt" count="2"/>
        <line num="380" type="stmt" count="3"/>
        <line num="381" type="stmt" count="1"/>
        <line num="386" type="stmt" count="6"/>
        <line num="394" type="method" name="callbackOnFail" crap="1" count="2"/>
        <line num="396" type="stmt" count="2"/>
        <line num="405" type="method" name="callbackOnSuccess" crap="1" count="2"/>
        <line num="407" type="stmt" count="2"/>
        <metrics loc="409" ncloc="202" classes="1" methods="23" coveredmethods="23" conditionals="0" coveredconditionals="0" statements="59" coveredstatements="59" elements="82" coveredelements="82"/>
      </file>
    </package>
    <package name="OVAC\HubtelPayment">
      <file name="/Users/ovac/codes/OVAC/hubtel-payment/src/Config.php">
        <class name="Config" namespace="OVAC\HubtelPayment">
          <metrics methods="9" coveredmethods="9" conditionals="0" coveredconditionals="0" statements="17" coveredstatements="17" elements="26" coveredelements="26"/>
        </class>
        <line num="61" type="method" name="__construct" crap="4" count="29"/>
        <line num="63" type="stmt" count="29"/>
        <line num="64" type="stmt" count="29"/>
        <line num="65" type="stmt" count="29"/>
        <line num="66" type="stmt" count="29"/>
        <line num="67" type="stmt" count="29"/>
        <line num="71" type="method" name="getAccountNumber" crap="1" count="6"/>
        <line num="73" type="stmt" count="6"/>
        <line num="78" type="method" name="setAccountNumber" crap="1" count="29"/>
        <line num="80" type="stmt" count="29"/>
        <line num="82" type="stmt" count="29"/>
        <line num="87" type="method" name="getClientId" crap="1" count="6"/>
        <line num="89" type="stmt" count="6"/>
        <line num="94" type="method" name="setClientId" crap="1" count="29"/>
        <line num="96" type="stmt" count="29"/>
        <line num="98" type="stmt" count="29"/>
        <line num="103" type="method" name="getClientSecret" crap="1" count="6"/>
        <line num="105" type="stmt" count="6"/>
        <line num="110" type="method" name="setClientSecret" crap="1" count="29"/>
        <line num="112" type="stmt" count="29"/>
        <line num="114" type="stmt" count="29"/>
        <line num="119" type="method" name="getPackageVersion" crap="1" count="7"/>
        <line num="121" type="stmt" count="7"/>
        <line num="126" type="method" name="setPackageVersion" crap="1" count="29"/>
        <line num="128" type="stmt" count="29"/>
        <line num="130" type="stmt" count="29"/>
        <metrics loc="132" ncloc="61" classes="1" methods="9" coveredmethods="9" conditionals="0" coveredconditionals="0" statements="17" coveredstatements="17" elements="26" coveredelements="26"/>
      </file>
      <file name="/Users/ovac/codes/OVAC/hubtel-payment/src/Pay.php">
        <class name="Pay" namespace="OVAC\HubtelPayment">
          <metrics methods="15" coveredmethods="15" conditionals="0" coveredconditionals="0" statements="27" coveredstatements="27" elements="42" coveredelements="42"/>
        </class>
        <line num="46" type="method" name="__construct" crap="2" count="15"/>
        <line num="51" type="stmt" count="15"/>
        <line num="52" type="stmt" count="3"/>
        <line num="54" type="stmt" count="3"/>
        <line num="62" type="stmt" count="12"/>
        <line num="63" type="stmt" count="12"/>
        <line num="72" type="method" name="make" crap="1" count="2"/>
        <line num="74" type="stmt" count="2"/>
        <line num="81" type="method" name="getConfig" crap="1" count="1"/>
        <line num="83" type="stmt" count="1"/>
        <line num="91" type="method" name="setConfig" crap="1" count="2"/>
        <line num="93" type="stmt" count="2"/>
        <line num="95" type="stmt" count="2"/>
        <line num="100" type="method" name="getAccountNumber" crap="1" count="6"/>
        <line num="102" type="stmt" count="6"/>
        <line num="107" type="method" name="setAccountNumber" crap="1" count="1"/>
        <line num="109" type="stmt" count="1"/>
        <line num="111" type="stmt" count="1"/>
        <line num="116" type="method" name="getClientId" crap="1" count="6"/>
        <line num="118" type="stmt" count="6"/>
        <line num="123" type="method" name="setClientId" crap="1" count="1"/>
        <line num="125" type="stmt" count="1"/>
        <line num="127" type="stmt" count="1"/>
        <line num="132" type="method" name="getClientSecret" crap="1" count="6"/>
        <line num="134" type="stmt" count="6"/>
        <line num="139" type="method" name="setClientSecret" crap="1" count="1"/>
        <line num="141" type="stmt" count="1"/>
        <line num="143" type="stmt" count="1"/>
        <line num="148" type="method" name="getPackageVersion" crap="1" count="7"/>
        <line num="150" type="stmt" count="7"/>
        <line num="155" type="method" name="setPackageVersion" crap="1" count="1"/>
        <line num="157" type="stmt" count="1"/>
        <line num="159" type="stmt" count="1"/>
        <line num="169" type="method" name="__callStatic" crap="1" count="4"/>
        <line num="171" type="stmt" count="4"/>
        <line num="180" type="method" name="__call" crap="1" count="2"/>
        <line num="182" type="stmt" count="2"/>
        <line num="191" type="method" name="getApiInstance" crap="2" count="6"/>
        <line num="193" type="stmt" count="6"/>
        <line num="194" type="stmt" count="6"/>
        <line num="195" type="stmt" count="5"/>
        <line num="197" type="stmt" count="1"/>
        <metrics loc="199" ncloc="91" classes="1" methods="15" coveredmethods="15" conditionals="0" coveredconditionals="0" statements="27" coveredstatements="27" elements="42" coveredelements="42"/>
      </file>
    </package>
    <file name="/Users/ovac/codes/OVAC/hubtel-payment/src/ConfigInterface.php">
      <metrics loc="73" ncloc="16" classes="0" methods="0" coveredmethods="0" conditionals="0" coveredconditionals="0" statements="0" coveredstatements="0" elements="0" coveredelements="0"/>
    </file>
    <metrics files="10" loc="1640" ncloc="733" classes="8" methods="89" coveredmethods="75" conditionals="0" coveredconditionals="0" statements="200" coveredstatements="163" elements="289" coveredelements="238"/>
  </project>
</coverage>
